0	22:00:42.357	Compiling 'MACD Sample'
0	22:00:42.357	Compiling 'Moving Average'
0	22:00:43.795	Compiling 'Accelerator'
0	22:00:43.795	Compiling 'Accumulation'
0	22:00:43.795	Compiling 'Alligator'
0	22:00:43.795	Compiling 'ATR'
0	22:00:43.795	Compiling 'Awesome'
0	22:00:43.795	Compiling 'Bands'
0	22:00:43.795	Compiling 'Bears'
0	22:00:43.795	Compiling 'Bulls'
0	22:00:43.795	Compiling 'CCI'
0	22:00:43.795	Compiling 'Custom Moving Averages'
0	22:00:43.795	Compiling 'Heiken Ashi'
0	22:00:43.795	Compiling 'Ichimoku'
0	22:00:43.795	Compiling 'iExposure'
0	22:00:43.795	Compiling 'MACD'
0	22:00:43.795	Compiling 'Momentum'
0	22:00:43.795	Compiling 'OsMA'
0	22:00:43.796	Compiling 'Parabolic'
0	22:00:43.796	Compiling 'RSI'
0	22:00:43.796	Compiling 'Stochastic'
0	22:00:43.796	Compiling 'ZigZag'
0	22:00:43.796	Compiling 'SimplePanel'
0	22:00:48.085	Compiling 'PeriodConverter'
0	22:00:48.086	Compiling 'DLLSampleTester'
0	22:00:48.086	Compiling 'PipeClient'
0	22:00:48.086	Compiling 'PipeClientPure'
0	22:00:49.985	Compiling 'stdlib'
0	22:39:56.457	Compiling 'MACD Sample'
0	22:39:56.457	Compiling 'Moving Average'
0	22:39:57.935	Compiling 'Accelerator'
0	22:39:57.935	Compiling 'Accumulation'
0	22:39:57.935	Compiling 'Alligator'
0	22:39:57.935	Compiling 'ATR'
0	22:39:57.935	Compiling 'Awesome'
0	22:39:57.935	Compiling 'Bands'
0	22:39:57.935	Compiling 'Bears'
0	22:39:57.935	Compiling 'Bulls'
0	22:39:57.935	Compiling 'CCI'
0	22:39:57.935	Compiling 'Custom Moving Averages'
0	22:39:57.935	Compiling 'Heiken Ashi'
0	22:39:57.935	Compiling 'Ichimoku'
0	22:39:57.936	Compiling 'iExposure'
0	22:39:57.936	Compiling 'MACD'
0	22:39:57.936	Compiling 'Momentum'
0	22:39:57.936	Compiling 'OsMA'
0	22:39:57.936	Compiling 'Parabolic'
0	22:39:57.936	Compiling 'RSI'
0	22:39:57.936	Compiling 'Stochastic'
0	22:39:57.936	Compiling 'ZigZag'
0	22:39:57.936	Compiling 'SimplePanel'
0	22:40:02.208	Compiling 'PeriodConverter'
0	22:40:02.209	Compiling 'DLLSampleTester'
0	22:40:02.209	Compiling 'PipeClient'
0	22:40:02.209	Compiling 'PipeClientPure'
0	22:40:03.876	Compiling 'stdlib'
3	22:42:55.645	cannot open file 'Z:\home\l\job\bot\dockerfile_mt5\MT4\MQL4\Experts\Advisors\Pytrader_MT4_EA_V2.07.ex4' [3]
