0	18:20:08.928	Migration: data to 'C:\Program Files (x86)\RoboForex - MetaTrader 4' migration started
0	18:20:08.928	Migration: data migration finished, no virtual folder
0	18:20:08.929	LiveUpdate: update C:\Program Files (x86)\RoboForex - MetaTrader 4\MQL4 folder started
0	18:20:08.971	LiveUpdate: update C:\Program Files (x86)\RoboForex - MetaTrader 4\MQL4 folder finished
0	18:20:09.004	RoboForex - MT4 build 1345 started (RoboMarkets Ltd)
0	18:20:09.004	Microsoft Windows 7 x64, IE 11, 8 x Intel Core i5-9300H  @ 2.40GHz, Memory: 22998 / 31945 Mb, Disk: 366 / 457 Gb, GMT+3
0	18:20:09.004	Data Folder: C:\Program Files (x86)\RoboForex - MetaTrader 4
0	18:20:09.286	Sources recompilation started
0	18:20:17.270	Sources recompilation finished (28 compiled in 7984 msec)
0	18:20:49.932	RoboForex - MT4 build 1345 stopped
0	18:27:04.123	RoboForex - MT4 build 1345 started (RoboMarkets Ltd)
0	18:27:04.124	Microsoft Windows 7 x64, IE 11, 8 x Intel Core i5-9300H  @ 2.40GHz, Memory: 23095 / 31945 Mb, Disk: 366 / 457 Gb, GMT+3
0	18:27:04.124	Data Folder: C:\Program Files (x86)\RoboForex - MetaTrader 4
0	18:33:42.682	RoboForex - MT4 build 1345 started (RoboMarkets Ltd)
0	18:33:42.683	Microsoft Windows 7 x64, IE 11, 8 x Intel Core i5-9300H  @ 2.40GHz, Memory: 22983 / 31945 Mb, Disk: 366 / 457 Gb, GMT+3
0	18:33:42.683	Data Folder: C:\Program Files (x86)\RoboForex - MetaTrader 4
0	18:34:15.647	RoboForex - MT4 build 1345 started (RoboMarkets Ltd)
0	18:34:15.648	Microsoft Windows 7 x64, IE 11, 8 x Intel Core i5-9300H  @ 2.40GHz, Memory: 22957 / 31945 Mb, Disk: 366 / 457 Gb, GMT+3
0	18:34:15.648	Data Folder: C:\Program Files (x86)\RoboForex - MetaTrader 4
0	18:34:28.683	RoboForex - MT4 build 1345 stopped
0	18:34:54.902	RoboForex - MT4 build 1345 started (RoboMarkets Ltd)
0	18:34:54.903	Microsoft Windows 7 x64, IE 11, 8 x Intel Core i5-9300H  @ 2.40GHz, Memory: 22983 / 31945 Mb, Disk: 366 / 457 Gb, GMT+3
0	18:34:54.903	Data Folder: C:\Program Files (x86)\RoboForex - MetaTrader 4
0	18:34:55.125	Started with configuration file 'config/mt4.ini'
0	18:47:35.654	RoboForex - MT4 build 1345 started (RoboMarkets Ltd)
0	18:47:35.655	Microsoft Windows 7 x64, IE 11, 8 x Intel Core i5-9300H  @ 2.40GHz, Memory: 22838 / 31945 Mb, Disk: 366 / 457 Gb, GMT+3
0	18:47:35.655	Data Folder: C:\Program Files (x86)\RoboForex - MetaTrader 4
0	18:47:35.892	Started with configuration file 'config/mt4.ini'
2	18:47:36.556	Custom indicator Bands EURUSD,H4: loaded successfully
2	18:47:36.564	Custom indicator ATR EURUSD,H4: loaded successfully
2	18:47:36.572	Expert Moving Average EURUSD,H4: loaded successfully
0	19:05:31.507	RoboForex - MT4 build 1345 started (RoboMarkets Ltd)
0	19:05:31.507	Microsoft Windows 7 x64, IE 11, 8 x Intel Core i5-9300H  @ 2.40GHz, Memory: 22762 / 31945 Mb, Disk: 366 / 457 Gb, GMT+3
0	19:05:31.507	Data Folder: C:\Program Files (x86)\RoboForex - MetaTrader 4
0	19:05:31.730	Sources recompilation started
0	19:05:32.820	Sources recompilation finished (1 compiled in 1090 msec)
0	19:05:32.822	Started with configuration file 'config/mt4.ini'
2	19:05:33.523	Custom indicator ATR EURUSD,H4: loaded successfully
0	19:07:00.465	RoboForex - MT4 build 1345 started (RoboMarkets Ltd)
0	19:07:00.466	Microsoft Windows 7 x64, IE 11, 8 x Intel Core i5-9300H  @ 2.40GHz, Memory: 22777 / 31945 Mb, Disk: 366 / 457 Gb, GMT+3
0	19:07:00.466	Data Folder: C:\Program Files (x86)\RoboForex - MetaTrader 4
0	19:07:00.701	Started with configuration file 'config/mt4.ini'
0	19:07:02.011	'62424807': login on RoboForex-DemoPro through DataCenter Russia (ping: 49.76 ms)
0	19:07:02.718	'62424807': login datacenter on RoboForex-DemoPro through DataCenter Russia (ping: 49.76 ms)
0	19:07:02.857	'62424807': previous successful authorization performed from 95.27.143.80
0	19:07:31.259	RoboForex - MT4 build 1345 stopped
0	19:08:51.087	RoboForex - MT4 build 1345 started (RoboMarkets Ltd)
0	19:08:51.088	Microsoft Windows 7 x64, IE 11, 8 x Intel Core i5-9300H  @ 2.40GHz, Memory: 22724 / 31945 Mb, Disk: 366 / 457 Gb, GMT+3
0	19:08:51.088	Data Folder: C:\Program Files (x86)\RoboForex - MetaTrader 4
0	19:08:51.318	Started with configuration file 'config/mt4.ini'
0	19:10:43.857	RoboForex - MT4 build 1345 started (RoboMarkets Ltd)
0	19:10:43.857	Microsoft Windows 7 x64, IE 11, 8 x Intel Core i5-9300H  @ 2.40GHz, Memory: 22777 / 31945 Mb, Disk: 366 / 457 Gb, GMT+3
0	19:10:43.857	Data Folder: C:\Program Files (x86)\RoboForex - MetaTrader 4
0	19:10:44.089	Started with configuration file 'config/mt4.ini'
0	19:13:31.228	RoboForex - MT4 build 1345 started (RoboMarkets Ltd)
0	19:13:31.229	Microsoft Windows 7 x64, IE 11, 8 x Intel Core i5-9300H  @ 2.40GHz, Memory: 22748 / 31945 Mb, Disk: 366 / 457 Gb, GMT+3
0	19:13:31.229	Data Folder: C:\Program Files (x86)\RoboForex - MetaTrader 4
0	19:13:31.460	Started with configuration file 'config/mt4.ini'
0	17:44:30.153	RoboForex - MT4 build 1345 started (RoboMarkets Ltd)
0	17:44:30.154	Microsoft Windows 7 x64, IE 11, 8 x Intel Core i5-9300H  @ 2.40GHz, Memory: 30473 / 31945 Mb, Disk: 360 / 457 Gb, GMT+0
0	17:44:30.154	Data Folder: Z:\home\wineuser\123
0	17:44:30.415	Sources recompilation started
0	17:44:31.503	Sources recompilation finished (1 compiled in 1093 msec)
0	17:44:31.504	Started with configuration file 'config/mt4.ini'
1	17:44:31.550	Initialization failed [10042]
0	17:44:31.557	RoboForex - MT4 build 1345 stopped
0	18:35:16.238	RoboForex - MT4 build 1345 started (RoboMarkets Ltd)
0	18:35:16.238	Microsoft Windows 7 x64, IE 11, 8 x Intel Core i5-9300H  @ 2.40GHz, Memory: 28558 / 31945 Mb, Disk: 355 / 457 Gb, GMT+0
0	18:35:16.238	Data Folder: Z:\home\wineuser\123
1	18:35:16.446	Initialization failed [10042]
0	18:35:16.464	RoboForex - MT4 build 1345 stopped
0	15:21:49.681	RoboForex - MT4 build 1345 started (RoboMarkets Ltd)
0	15:21:49.681	Microsoft Windows 7 x64, IE 11, 8 x Intel Core i5-9300H  @ 2.40GHz, Memory: 28035 / 31945 Mb, Disk: 353 / 457 Gb, GMT-5
0	15:21:49.681	Data Folder: Z:\home\wineuser\123
1	15:22:04.141	MQL5.community: authorization failed
0	15:22:04.203	RoboForex - MT4 build 1345 stopped
0	22:56:44.115	RoboForex - MT4 build 1345 started (RoboMarkets Ltd)
0	22:56:44.116	Microsoft Windows 7 x64, IE 9, 8 x Intel Pentium 4  2.40GHz, Memory: 27235 / 31945 Mb, Disk: 349 / 457 Gb, GMT+0
0	22:56:44.116	Data Folder: Z:\root\123
0	22:56:44.166	Started with configuration file 'config/mt4.ini'
1	22:56:44.436	MQL Base: failed connect to server
1	22:56:44.462	Code Base: failed connect to server
2	22:56:44.838	Expert PT EURUSD,H4: loaded successfully
1	22:56:44.939	initializing of PT EURUSD,H4 failed
2	22:56:44.942	Expert PT EURUSD,H4: removed
1	22:56:45.256	'62424807': connect failed [No connection]
0	22:56:45.430	RoboForex - MT4 build 1345 stopped
0	22:57:10.209	RoboForex - MT4 build 1345 started (RoboMarkets Ltd)
0	22:57:10.209	Microsoft Windows 7 x64, IE 9, 8 x Intel Pentium 4  2.40GHz, Memory: 27200 / 31945 Mb, Disk: 349 / 457 Gb, GMT+0
0	22:57:10.209	Data Folder: Z:\root\123
1	22:57:10.497	MQL Base: failed connect to server
0	22:57:11.521	'62424807': login on RoboForex-DemoPro through DataCenter Russia (ping: 49.76 ms)
0	22:57:12.223	'62424807': login datacenter on RoboForex-DemoPro through DataCenter Russia (ping: 49.76 ms)
0	22:57:12.409	'62424807': previous successful authorization performed from 95.27.143.80
0	22:57:23.843	'62424807': ping to current access point DataCenter Russia is 49.14 ms
1	22:57:24.011	MQL5.community: authorization failed
2	22:58:13.272	Expert PT EURUSD,H1: loaded successfully
2	22:58:33.522	Expert PT EURUSD,H1: removed
2	22:58:54.296	Expert PT EURUSD,H1: loaded successfully
2	22:58:59.576	Expert PT EURUSD,H1: removed
0	23:02:32.467	RoboForex - MT4 build 1345 started (RoboMarkets Ltd)
0	23:02:32.468	Microsoft Windows 7 x64, IE 9, 8 x Intel Pentium 4  2.40GHz, Memory: 27185 / 31945 Mb, Disk: 349 / 457 Gb, GMT+0
0	23:02:32.468	Data Folder: Z:\root\123
1	23:02:32.786	MQL Base: failed connect to server
